<?xml version="1.0" encoding="UTF-8"?>
<testsuite name="Test" tests="2" skipped="0" failures="0" errors="0" timestamp="2020-12-07T12:25:55" hostname="HOME-PC" time="0.01">
  <properties/>
  <testcase name="testNegative" classname="Test" time="0.006"/>
  <testcase name="testLargeNumber" classname="Test" time="0.004"/>
  <system-out><![CDATA[]]></system-out>
  <system-err><![CDATA[]]></system-err>
</testsuite>
