<?xml version="1.0" encoding="UTF-8"?>
<testsuite name="TestNullableTypes" tests="5" skipped="0" failures="0" errors="0" timestamp="2020-12-07T12:16:58" hostname="HOME-PC" time="0.029">
  <properties/>
  <testcase name="everythingIsOk" classname="TestNullableTypes" time="0.01"/>
  <testcase name="noClient" classname="TestNullableTypes" time="0.004"/>
  <testcase name="noMessage" classname="TestNullableTypes" time="0.005"/>
  <testcase name="noPersonalInfo" classname="TestNullableTypes" time="0.002"/>
  <testcase name="noEmail" classname="TestNullableTypes" time="0.005"/>
  <system-out><![CDATA[]]></system-out>
  <system-err><![CDATA[]]></system-err>
</testsuite>
