<?xml version="1.0" encoding="UTF-8"?>
<testsuite name="TestOperatorsOverloading" tests="3" skipped="0" failures="0" errors="0" timestamp="2020-12-07T14:01:07" hostname="HOME-PC" time="0.021">
  <properties/>
  <testcase name="testOneMonth" classname="TestOperatorsOverloading" time="0.015"/>
  <testcase name="testAddOneTimeInterval" classname="TestOperatorsOverloading" time="0.002"/>
  <testcase name="testMonthChange" classname="TestOperatorsOverloading" time="0.003"/>
  <system-out><![CDATA[]]></system-out>
  <system-err><![CDATA[]]></system-err>
</testsuite>
