<?xml version="1.0" encoding="UTF-8"?>
<testsuite name="TestLazyProperty" tests="2" skipped="0" failures="0" errors="0" timestamp="2020-12-08T20:53:50" hostname="HOME-PC" time="0.012">
  <properties/>
  <testcase name="testLazy" classname="TestLazyProperty" time="0.008"/>
  <testcase name="initializedOnce" classname="TestLazyProperty" time="0.003"/>
  <system-out><![CDATA[]]></system-out>
  <system-err><![CDATA[]]></system-err>
</testsuite>
