<?xml version="1.0" encoding="UTF-8"?>
<testsuite name="TestDelegatesExamples" tests="2" skipped="0" failures="0" errors="0" timestamp="2020-12-08T21:03:17" hostname="HOME-PC" time="0.026">
  <properties/>
  <testcase name="testLazy" classname="TestDelegatesExamples" time="0.023"/>
  <testcase name="initializedOnce" classname="TestDelegatesExamples" time="0.002"/>
  <system-out><![CDATA[]]></system-out>
  <system-err><![CDATA[]]></system-err>
</testsuite>
