<?xml version="1.0" encoding="UTF-8"?>
<testsuite name="TestIntroduction" tests="1" skipped="0" failures="0" errors="0" timestamp="2020-12-08T18:37:39" hostname="HOME-PC" time="0.051">
  <properties/>
  <testcase name="testSetOfCustomers" classname="TestIntroduction" time="0.051"/>
  <system-out><![CDATA[]]></system-out>
  <system-err><![CDATA[]]></system-err>
</testsuite>
