<?xml version="1.0" encoding="UTF-8"?>
<testsuite name="TestAssociate" tests="3" skipped="0" failures="0" errors="0" timestamp="2020-12-08T19:12:03" hostname="HOME-PC" time="0.056">
  <properties/>
  <testcase name="testAssociate" classname="TestAssociate" time="0.049"/>
  <testcase name="testAssociateBy" classname="TestAssociate" time="0.004"/>
  <testcase name="testAssociateWith" classname="TestAssociate" time="0.002"/>
  <system-out><![CDATA[]]></system-out>
  <system-err><![CDATA[]]></system-err>
</testsuite>
