<?xml version="1.0" encoding="UTF-8"?>
<testsuite name="TestTheFunctionWith" tests="2" skipped="0" failures="0" errors="0" timestamp="2020-12-08T21:34:55" hostname="HOME-PC" time="0.035">
  <properties/>
  <testcase name="testCreateString" classname="TestTheFunctionWith" time="0.026"/>
  <testcase name="testCreateMap" classname="TestTheFunctionWith" time="0.008"/>
  <system-out><![CDATA[]]></system-out>
  <system-err><![CDATA[]]></system-err>
</testsuite>
