<?xml version="1.0" encoding="UTF-8"?>
<testsuite name="TestSmartCasts" tests="3" skipped="0" failures="0" errors="0" timestamp="2020-12-07T12:50:30" hostname="HOME-PC" time="0.017">
  <properties/>
  <testcase name="testNum" classname="TestSmartCasts" time="0.01"/>
  <testcase name="testSum" classname="TestSmartCasts" time="0.004"/>
  <testcase name="testRecursion" classname="TestSmartCasts" time="0.002"/>
  <system-out><![CDATA[]]></system-out>
  <system-err><![CDATA[]]></system-err>
</testsuite>
