<?xml version="1.0" encoding="UTF-8"?>
<testsuite name="TestExtensionFunctions" tests="2" skipped="0" failures="0" errors="0" timestamp="2020-12-07T13:29:08" hostname="HOME-PC" time="0.011">
  <properties/>
  <testcase name="testPairExtension" classname="TestExtensionFunctions" time="0.008"/>
  <testcase name="testIntExtension" classname="TestExtensionFunctions" time="0.002"/>
  <system-out><![CDATA[]]></system-out>
  <system-err><![CDATA[]]></system-err>
</testsuite>
