<?xml version="1.0" encoding="UTF-8"?>
<testsuite name="TestNamedArguments" tests="1" skipped="0" failures="0" errors="0" timestamp="2020-12-07T11:52:05" hostname="HOME-PC" time="0.045">
  <properties/>
  <testcase name="testJoinToString" classname="TestNamedArguments" time="0.045"/>
  <system-out><![CDATA[]]></system-out>
  <system-err><![CDATA[]]></system-err>
</testsuite>
