<?xml version="1.0" encoding="UTF-8"?>
<testsuite name="TestDataClasses" tests="2" skipped="0" failures="0" errors="0" timestamp="2020-12-07T12:41:00" hostname="HOME-PC" time="0.036">
  <properties/>
  <testcase name="testComparePeople" classname="TestDataClasses" time="0.009"/>
  <testcase name="testListOfPeople" classname="TestDataClasses" time="0.027"/>
  <system-out><![CDATA[]]></system-out>
  <system-err><![CDATA[]]></system-err>
</testsuite>
