<?xml version="1.0" encoding="UTF-8"?>
<testsuite name="TestInvoke" tests="2" skipped="0" failures="0" errors="0" timestamp="2020-12-07T13:52:57" hostname="HOME-PC" time="0.021">
  <properties/>
  <testcase name="testInvokeTwice" classname="TestInvoke" time="0.014"/>
  <testcase name="testNumberOfInvocations" classname="TestInvoke" time="0.007"/>
  <system-out><![CDATA[]]></system-out>
  <system-err><![CDATA[]]></system-err>
</testsuite>
