<?xml version="1.0" encoding="UTF-8"?>
<testsuite name="Test" tests="1" skipped="0" failures="0" errors="0" timestamp="2020-12-07T12:04:30" hostname="HOME-PC" time="0.071">
  <properties/>
  <testcase name="testSolution" classname="Test" time="0.071"/>
  <system-out><![CDATA[]]></system-out>
  <system-err><![CDATA[]]></system-err>
</testsuite>
