<?xml version="1.0" encoding="UTF-8"?>
<testsuite name="TestComparison" tests="2" skipped="0" failures="0" errors="0" timestamp="2020-12-07T13:37:02" hostname="HOME-PC" time="0.012">
  <properties/>
  <testcase name="testAfter" classname="TestComparison" time="0.011"/>
  <testcase name="testBefore" classname="TestComparison" time="0.001"/>
  <system-out><![CDATA[]]></system-out>
  <system-err><![CDATA[]]></system-err>
</testsuite>
