<?xml version="1.0" encoding="UTF-8"?>
<testsuite name="TestSum" tests="2" skipped="0" failures="0" errors="0" timestamp="2020-12-08T19:04:25" hostname="HOME-PC" time="0.051">
  <properties/>
  <testcase name="testGetTotalOrderPrice" classname="TestSum" time="0.049"/>
  <testcase name="testGetTotalOrderPrice1" classname="TestSum" time="0.001"/>
  <system-out><![CDATA[]]></system-out>
  <system-err><![CDATA[]]></system-err>
</testsuite>
