<?xml version="1.0" encoding="UTF-8"?>
<testsuite name="TestHtmlBuilders" tests="2" skipped="0" failures="0" errors="0" timestamp="2020-12-08T21:38:37" hostname="HOME-PC" time="0.056">
  <properties/>
  <testcase name="productTableIsColored" classname="TestHtmlBuilders" time="0.053"/>
  <testcase name="productTableIsFilled" classname="TestHtmlBuilders" time="0.002"/>
  <system-out><![CDATA[]]></system-out>
  <system-err><![CDATA[]]></system-err>
</testsuite>
