<?xml version="1.0" encoding="UTF-8"?>
<testsuite name="TestLambdas" tests="2" skipped="0" failures="0" errors="0" timestamp="2020-12-07T12:34:20" hostname="HOME-PC" time="0.037">
  <properties/>
  <testcase name="contains" classname="TestLambdas" time="0.036"/>
  <testcase name="notContains" classname="TestLambdas" time="0.001"/>
  <system-out><![CDATA[]]></system-out>
  <system-err><![CDATA[]]></system-err>
</testsuite>
