<?xml version="1.0" encoding="UTF-8"?>
<testsuite name="TestGroupBy" tests="1" skipped="0" failures="0" errors="0" timestamp="2020-12-08T19:07:36" hostname="HOME-PC" time="0.05">
  <properties/>
  <testcase name="testGroupCustomersByCity" classname="TestGroupBy" time="0.05"/>
  <system-out><![CDATA[]]></system-out>
  <system-err><![CDATA[]]></system-err>
</testsuite>
